  Camera.cpp
  Models.cpp
  Object.cpp
  Tree.cpp
  zs2_kanal.cpp
  Generowanie kodu...
  Trwa generowanie kodu
  Zakończono generowanie kodu
shprogram.obj : warning LNK4049: lokalnie zdefiniowany symbol ___glewAttachShader został zaimportowany
shprogram.obj : warning LNK4049: lokalnie zdefiniowany symbol ___glewCompileShader został zaimportowany
shprogram.obj : warning LNK4049: lokalnie zdefiniowany symbol ___glewCreateProgram został zaimportowany
shprogram.obj : warning LNK4049: lokalnie zdefiniowany symbol ___glewCreateShader został zaimportowany
shprogram.obj : warning LNK4049: lokalnie zdefiniowany symbol ___glewDeleteShader został zaimportowany
shprogram.obj : warning LNK4049: lokalnie zdefiniowany symbol ___glewGetProgramInfoLog został zaimportowany
shprogram.obj : warning LNK4049: lokalnie zdefiniowany symbol ___glewGetProgramiv został zaimportowany
shprogram.obj : warning LNK4049: lokalnie zdefiniowany symbol ___glewGetShaderInfoLog został zaimportowany
shprogram.obj : warning LNK4049: lokalnie zdefiniowany symbol ___glewGetShaderiv został zaimportowany
shprogram.obj : warning LNK4049: lokalnie zdefiniowany symbol ___glewLinkProgram został zaimportowany
shprogram.obj : warning LNK4049: lokalnie zdefiniowany symbol ___glewShaderSource został zaimportowany
  zs2_kanal.vcxproj -> E:\Piotrek\IT\C++\Studia\GKOM\ZS2-Kanal\zs2-kanal\Debug\zs2_kanal.exe
